<?xml version="1.0" encoding="UTF-8"?>
<testng-results ignored="0" total="3" passed="3" failed="0" skipped="0">
  <reporter-output>
  </reporter-output>
  <suite started-at="2021-06-16T06:51:58 EDT" name="Default suite" finished-at="2021-06-16T06:52:03 EDT" duration-ms="4899">
    <groups>
    </groups>
    <test started-at="2021-06-16T06:51:58 EDT" name="Default test" finished-at="2021-06-16T06:52:03 EDT" duration-ms="4899">
      <class name="tests.PutPatchDeleteExamples">
        <test-method signature="testDelete()[pri:0, instance:tests.PutPatchDeleteExamples@5552768b]" started-at="2021-06-16T06:51:58 EDT" name="testDelete" finished-at="2021-06-16T06:52:02 EDT" duration-ms="4021" status="PASS">
          <reporter-output>
          </reporter-output>
        </test-method> <!-- testDelete -->
        <test-method signature="testPatch()[pri:0, instance:tests.PutPatchDeleteExamples@5552768b]" started-at="2021-06-16T06:52:02 EDT" name="testPatch" finished-at="2021-06-16T06:52:03 EDT" duration-ms="475" status="PASS">
          <reporter-output>
          </reporter-output>
        </test-method> <!-- testPatch -->
        <test-method signature="testPut()[pri:0, instance:tests.PutPatchDeleteExamples@5552768b]" started-at="2021-06-16T06:52:03 EDT" name="testPut" finished-at="2021-06-16T06:52:03 EDT" duration-ms="344" status="PASS">
          <reporter-output>
          </reporter-output>
        </test-method> <!-- testPut -->
      </class> <!-- tests.PutPatchDeleteExamples -->
    </test> <!-- Default test -->
  </suite> <!-- Default suite -->
</testng-results>
