<?xml version="1.0" encoding="UTF-8"?>
<!-- Generated by org.testng.reporters.JUnitXMLReporter -->
<testsuite ignored="0" hostname="Rajas-Air.hsd1.nh.comcast.net" failures="0" tests="3" name="Default test" time="4.899" errors="0" timestamp="2021-06-16T06:52:03 EDT">
  <testcase classname="tests.PutPatchDeleteExamples" name="testDelete" time="4.021"/>
  <testcase classname="tests.PutPatchDeleteExamples" name="testPatch" time="0.475"/>
  <testcase classname="tests.PutPatchDeleteExamples" name="testPut" time="0.344"/>
</testsuite> <!-- Default test -->
